{"numTotalTestSuites":349,"numPassedTestSuites":294,"numFailedTestSuites":55,"numPendingTestSuites":0,"numTotalTests":579,"numPassedTests":536,"numFailedTests":38,"numPendingTests":5,"numTodoTests":0,"snapshot":{"added":0,"failure":false,"filesAdded":0,"filesRemoved":0,"filesRemovedList":[],"filesUnmatched":0,"filesUpdated":0,"matched":0,"total":0,"unchecked":0,"uncheckedKeysByFile":[],"unmatched":0,"updated":0,"didUpdate":false},"startTime":1771595688340,"success":false,"testResults":[{"assertionResults":[{"ancestorTitles":["checkAppAuth fail-closed validation"],"fullName":"checkAppAuth fail-closed validation should DENY access when APP_ACCESS_TOKEN is missing","status":"passed","title":"should DENY access when APP_ACCESS_TOKEN is missing","duration":73.37345900000003,"failureMessages":[],"meta":{}}],"startTime":1771595709441,"endTime":1771595709514.3735,"status":"passed","message":"","name":"/home/pat/Dokumente/GitHub/cachy-app/tests/auth_fail_closed.test.ts"},{"assertionResults":[{"ancestorTitles":["calculateAllIndicators Repro"],"fullName":"calculateAllIndicators Repro should return 0 for EMA 200 when insufficient data (current behavior)","status":"failed","title":"should return 0 for EMA 200 when insufficient data (current behavior)","duration":78.53725799999995,"failureMessages":["AssertionError: expected undefined to be defined\n    at /home/pat/Dokumente/GitHub/cachy-app/tests/repro_calculator.test.ts:47:24\n    at file:///home/pat/Dokumente/GitHub/cachy-app/node_modules/@vitest/runner/dist/index.js:145:11\n    at file:///home/pat/Dokumente/GitHub/cachy-app/node_modules/@vitest/runner/dist/index.js:915:26\n    at file:///home/pat/Dokumente/GitHub/cachy-app/node_modules/@vitest/runner/dist/index.js:1243:20\n    at new Promise (<anonymous>)\n    at runWithTimeout (file:///home/pat/Dokumente/GitHub/cachy-app/node_modules/@vitest/runner/dist/index.js:1209:10)\n    at file:///home/pat/Dokumente/GitHub/cachy-app/node_modules/@vitest/runner/dist/index.js:1653:37\n    at Traces.$ (file:///home/pat/Dokumente/GitHub/cachy-app/node_modules/vitest/dist/chunks/traces.CCmnQaNT.js:142:27)\n    at trace (file:///home/pat/Dokumente/GitHub/cachy-app/node_modules/vitest/dist/chunks/test.B8ej_ZHS.js:239:21)\n    at runTest (file:///home/pat/Dokumente/GitHub/cachy-app/node_modules/@vitest/runner/dist/index.js:1653:12)"],"meta":{}}],"startTime":1771595691801,"endTime":1771595691879.5374,"status":"failed","message":"","name":"/home/pat/Dokumente/GitHub/cachy-app/tests/repro_calculator.test.ts"},{"assertionResults":[],"startTime":1771595688340,"endTime":1771595688340,"status":"failed","message":"Playwright Test did not expect test.describe() to be called here.\nMost common reasons include:\n- You are calling test.describe() in a configuration file.\n- You are calling test.describe() in a file that is imported by the configuration file.\n- You have two different versions of @playwright/test. This usually happens\n  when one of the dependencies in your package.json depends on @playwright/test.","name":"/home/pat/Dokumente/GitHub/cachy-app/tests/tradeflow.spec.ts"},{"assertionResults":[{"ancestorTitles":["TP/SL API Validation"],"fullName":"TP/SL API Validation should reject requests with invalid structure","status":"failed","title":"should reject requests with invalid structure","duration":90.90769499999988,"failureMessages":["AssertionError: expected 401 to be 400 // Object.is equality\n    at /home/pat/Dokumente/GitHub/cachy-app/tests/verify_tpsl_validation.test.ts:57:29\n    at processTicksAndRejections (node:internal/process/task_queues:104:5)\n    at file:///home/pat/Dokumente/GitHub/cachy-app/node_modules/@vitest/runner/dist/index.js:915:20"],"meta":{}},{"ancestorTitles":["TP/SL API Validation"],"fullName":"TP/SL API Validation should reject requests with invalid action","status":"failed","title":"should reject requests with invalid action","duration":10.880106999999953,"failureMessages":["AssertionError: expected 401 to be 400 // Object.is equality\n    at /home/pat/Dokumente/GitHub/cachy-app/tests/verify_tpsl_validation.test.ts:74:29\n    at processTicksAndRejections (node:internal/process/task_queues:104:5)\n    at file:///home/pat/Dokumente/GitHub/cachy-app/node_modules/@vitest/runner/dist/index.js:915:20"],"meta":{}},{"ancestorTitles":["TP/SL API Validation"],"fullName":"TP/SL API Validation should reject modify action without required params","status":"failed","title":"should reject modify action without required params","duration":8.682898000000023,"failureMessages":["AssertionError: expected 401 to be 400 // Object.is equality\n    at /home/pat/Dokumente/GitHub/cachy-app/tests/verify_tpsl_validation.test.ts:94:29\n    at processTicksAndRejections (node:internal/process/task_queues:104:5)\n    at file:///home/pat/Dokumente/GitHub/cachy-app/node_modules/@vitest/runner/dist/index.js:915:20"],"meta":{}},{"ancestorTitles":["TP/SL API Validation"],"fullName":"TP/SL API Validation should accept valid pending request","status":"failed","title":"should accept valid pending request","duration":8.13680099999965,"failureMessages":["AssertionError: expected 401 to be 200 // Object.is equality\n    at /home/pat/Dokumente/GitHub/cachy-app/tests/verify_tpsl_validation.test.ts:119:29\n    at processTicksAndRejections (node:internal/process/task_queues:104:5)\n    at file:///home/pat/Dokumente/GitHub/cachy-app/node_modules/@vitest/runner/dist/index.js:915:20"],"meta":{}},{"ancestorTitles":["TP/SL API Validation"],"fullName":"TP/SL API Validation should accept valid modify request","status":"failed","title":"should accept valid modify request","duration":8.924772000000303,"failureMessages":["AssertionError: expected 401 to be 200 // Object.is equality\n    at /home/pat/Dokumente/GitHub/cachy-app/tests/verify_tpsl_validation.test.ts:146:29\n    at processTicksAndRejections (node:internal/process/task_queues:104:5)\n    at file:///home/pat/Dokumente/GitHub/cachy-app/node_modules/@vitest/runner/dist/index.js:915:20"],"meta":{}}],"startTime":1771595695814,"endTime":1771595695941.9248,"status":"failed","message":"","name":"/home/pat/Dokumente/GitHub/cachy-app/tests/verify_tpsl_validation.test.ts"},{"assertionResults":[{"ancestorTitles":["MarketWatcher Backfill Performance"],"fullName":"MarketWatcher Backfill Performance measures sequential vs parallel backfill","status":"failed","title":"measures sequential vs parallel backfill","duration":1526.0387219999993,"failureMessages":["AssertionError: expected 1500 to be less than 400\n    at /home/pat/Dokumente/GitHub/cachy-app/src/benchmarks/marketWatcher_backfill.test.ts:103:26\n    at file:///home/pat/Dokumente/GitHub/cachy-app/node_modules/@vitest/runner/dist/index.js:915:20"],"meta":{}}],"startTime":1771595696410,"endTime":1771595697936.0388,"status":"failed","message":"","name":"/home/pat/Dokumente/GitHub/cachy-app/src/benchmarks/marketWatcher_backfill.test.ts"},{"assertionResults":[{"ancestorTitles":["rssPresets","getPresetUrls"],"fullName":"rssPresets getPresetUrls should return correct URLs for existing IDs","status":"passed","title":"should return correct URLs for existing IDs","duration":7.216831999999954,"failureMessages":[],"meta":{}},{"ancestorTitles":["rssPresets","getPresetUrls"],"fullName":"rssPresets getPresetUrls should ignore non-existent IDs","status":"passed","title":"should ignore non-existent IDs","duration":0.9885120000000143,"failureMessages":[],"meta":{}},{"ancestorTitles":["rssPresets","getPresetUrls"],"fullName":"rssPresets getPresetUrls should return empty array for empty input","status":"passed","title":"should return empty array for empty input","duration":1.5284189999999853,"failureMessages":[],"meta":{}},{"ancestorTitles":["rssPresets","getPresetUrls"],"fullName":"rssPresets getPresetUrls should preserve order based on presets list (not input ids)","status":"passed","title":"should preserve order based on presets list (not input ids)","duration":2.3627579999999853,"failureMessages":[],"meta":{}},{"ancestorTitles":["rssPresets","getRSSUrlsByIds"],"fullName":"rssPresets getRSSUrlsByIds should return correct URLs for existing IDs","status":"passed","title":"should return correct URLs for existing IDs","duration":2.053963999999951,"failureMessages":[],"meta":{}},{"ancestorTitles":["rssPresets","getRSSUrlsByIds"],"fullName":"rssPresets getRSSUrlsByIds should ignore non-existent IDs","status":"passed","title":"should ignore non-existent IDs","duration":0.7358619999999974,"failureMessages":[],"meta":{}},{"ancestorTitles":["rssPresets","getRSSUrlsByIds"],"fullName":"rssPresets getRSSUrlsByIds should return empty array for empty input","status":"passed","title":"should return empty array for empty input","duration":1.9468689999999924,"failureMessages":[],"meta":{}},{"ancestorTitles":["rssPresets","getRSSUrlsByIds"],"fullName":"rssPresets getRSSUrlsByIds should preserve order based on presets list","status":"passed","title":"should preserve order based on presets list","duration":0.7390689999999722,"failureMessages":[],"meta":{}}],"startTime":1771595711250,"endTime":1771595711270.739,"status":"passed","message":"","name":"/home/pat/Dokumente/GitHub/cachy-app/src/config/rssPresets.test.ts"},{"assertionResults":[{"ancestorTitles":["Calculator - Core Functions","calculateBaseMetrics"],"fullName":"Calculator - Core Functions calculateBaseMetrics should calculate metrics for Long trade","status":"passed","title":"should calculate metrics for Long trade","duration":18.09877000000006,"failureMessages":[],"meta":{}},{"ancestorTitles":["Calculator - Core Functions","calculateBaseMetrics"],"fullName":"Calculator - Core Functions calculateBaseMetrics should calculate metrics for Short trade","status":"passed","title":"should calculate metrics for Short trade","duration":2.4555279999999584,"failureMessages":[],"meta":{}},{"ancestorTitles":["Calculator - Core Functions","calculateBaseMetrics"],"fullName":"Calculator - Core Functions calculateBaseMetrics should return null if SL equals Entry","status":"passed","title":"should return null if SL equals Entry","duration":2.669444999999996,"failureMessages":[],"meta":{}},{"ancestorTitles":["Calculator - Core Functions","calculateIndividualTp"],"fullName":"Calculator - Core Functions calculateIndividualTp should calculate TP metrics correctly","status":"passed","title":"should calculate TP metrics correctly","duration":3.1973629999999957,"failureMessages":[],"meta":{}},{"ancestorTitles":["Calculator - Core Functions","calculateTotalMetrics"],"fullName":"Calculator - Core Functions calculateTotalMetrics should sum up TPs","status":"passed","title":"should sum up TPs","duration":2.021774999999934,"failureMessages":[],"meta":{}},{"ancestorTitles":["Calculator - Core Functions","calculateATR"],"fullName":"Calculator - Core Functions calculateATR should calculate average true range","status":"passed","title":"should calculate average true range","duration":1.172095000000013,"failureMessages":[],"meta":{}},{"ancestorTitles":["Calculator - Core Functions","calculateATR"],"fullName":"Calculator - Core Functions calculateATR should return 0 if not enough data","status":"passed","title":"should return 0 if not enough data","duration":0.5298700000000736,"failureMessages":[],"meta":{}},{"ancestorTitles":["Calculator - Core Functions","calculatePerformanceStats"],"fullName":"Calculator - Core Functions calculatePerformanceStats should calculate performance stats correctly","status":"passed","title":"should calculate performance stats correctly","duration":9.78825699999993,"failureMessages":[],"meta":{}},{"ancestorTitles":["Calculator - Core Functions","calculateSymbolPerformance"],"fullName":"Calculator - Core Functions calculateSymbolPerformance should calculate symbol performance correctly","status":"passed","title":"should calculate symbol performance correctly","duration":2.3187409999999318,"failureMessages":[],"meta":{}}],"startTime":1771595714086,"endTime":1771595714135.3188,"status":"passed","message":"","name":"/home/pat/Dokumente/GitHub/cachy-app/src/lib/calculator.test.ts"},{"assertionResults":[{"ancestorTitles":["Calculator - Deep Dive & Dashboard Charts","getPerformanceData"],"fullName":"Calculator - Deep Dive & Dashboard Charts getPerformanceData should handle empty journal","status":"passed","title":"should handle empty journal","duration":7.226172999999903,"failureMessages":[],"meta":{}},{"ancestorTitles":["Calculator - Deep Dive & Dashboard Charts","getPerformanceData"],"fullName":"Calculator - Deep Dive & Dashboard Charts getPerformanceData should calculate equity curve correctly for manual trades","status":"passed","title":"should calculate equity curve correctly for manual trades","duration":10.130236000000082,"failureMessages":[],"meta":{}},{"ancestorTitles":["Calculator - Deep Dive & Dashboard Charts","getPerformanceData"],"fullName":"Calculator - Deep Dive & Dashboard Charts getPerformanceData should calculate drawdown correctly","status":"passed","title":"should calculate drawdown correctly","duration":2.0060649999999214,"failureMessages":[],"meta":{}},{"ancestorTitles":["Calculator - Deep Dive & Dashboard Charts","getTimingData"],"fullName":"Calculator - Deep Dive & Dashboard Charts getTimingData should bucket trades into hours correctly (local time)","status":"passed","title":"should bucket trades into hours correctly (local time)","duration":2.6947379999999157,"failureMessages":[],"meta":{}},{"ancestorTitles":["Calculator - Deep Dive & Dashboard Charts","getTimingData"],"fullName":"Calculator - Deep Dive & Dashboard Charts getTimingData should handle invalid dates gracefully","status":"passed","title":"should handle invalid dates gracefully","duration":3.2269880000000057,"failureMessages":[],"meta":{}},{"ancestorTitles":["Calculator - Deep Dive & Dashboard Charts","getRiskData"],"fullName":"Calculator - Deep Dive & Dashboard Charts getRiskData should filter out trades with zero/null riskAmount","status":"passed","title":"should filter out trades with zero/null riskAmount","duration":3.805652000000009,"failureMessages":[],"meta":{}},{"ancestorTitles":["Calculator - Deep Dive & Dashboard Charts","getQualityData"],"fullName":"Calculator - Deep Dive & Dashboard Charts getQualityData should handle R-Multiples correctly","status":"passed","title":"should handle R-Multiples correctly","duration":6.067616000000044,"failureMessages":[],"meta":{}},{"ancestorTitles":["Calculator - Deep Dive & Dashboard Charts","getQualityData"],"fullName":"Calculator - Deep Dive & Dashboard Charts getQualityData should handle division by zero riskAmount gracefully","status":"passed","title":"should handle division by zero riskAmount gracefully","duration":2.2204309999999623,"failureMessages":[],"meta":{}},{"ancestorTitles":["Calculator - Deep Dive & Dashboard Charts","getPsychologyData"],"fullName":"Calculator - Deep Dive & Dashboard Charts getPsychologyData should calculate streaks correctly","status":"passed","title":"should calculate streaks correctly","duration":2.1306150000000343,"failureMessages":[],"meta":{}},{"ancestorTitles":["Calculator - Deep Dive & Dashboard Charts","getMarketData"],"fullName":"Calculator - Deep Dive & Dashboard Charts getMarketData should bucket leverage correctly","status":"passed","title":"should bucket leverage correctly","duration":1.3093400000000202,"failureMessages":[],"meta":{}}],"startTime":1771595712530,"endTime":1771595712575.3093,"status":"passed","message":"","name":"/home/pat/Dokumente/GitHub/cachy-app/src/lib/calculator_charts.test.ts"},{"assertionResults":[{"ancestorTitles":["calculator.getDurationData"],"fullName":"calculator.getDurationData should calculate duration for synced trades using entryDate and date","status":"passed","title":"should calculate duration for synced trades using entryDate and date","duration":12.319339000000014,"failureMessages":[],"meta":{}},{"ancestorTitles":["calculator.getDurationData"],"fullName":"calculator.getDurationData should calculate duration for manual trades using date and exitDate","status":"passed","title":"should calculate duration for manual trades using date and exitDate","duration":3.6245059999999967,"failureMessages":[],"meta":{}}],"startTime":1771595722080,"endTime":1771595722096.6245,"status":"passed","message":"","name":"/home/pat/Dokumente/GitHub/cachy-app/src/lib/calculator_duration.test.ts"},{"assertionResults":[{"ancestorTitles":["Decimal Enforcement E2E (CRITICAL)"],"fullName":"Decimal Enforcement E2E (CRITICAL) should preserve precision in risk calculation","status":"passed","title":"should preserve precision in risk calculation","duration":8.790827000000036,"failureMessages":[],"meta":{}},{"ancestorTitles":["Decimal Enforcement E2E (CRITICAL)"],"fullName":"Decimal Enforcement E2E (CRITICAL) should handle complex calculations with Decimal precision","status":"passed","title":"should handle complex calculations with Decimal precision","duration":1.709430999999995,"failureMessages":[],"meta":{}},{"ancestorTitles":["Decimal Enforcement E2E (CRITICAL)"],"fullName":"Decimal Enforcement E2E (CRITICAL) should calculate fees without floating point errors","status":"passed","title":"should calculate fees without floating point errors","duration":1.0686689999999999,"failureMessages":[],"meta":{}},{"ancestorTitles":["Decimal Enforcement E2E (CRITICAL)"],"fullName":"Decimal Enforcement E2E (CRITICAL) should maintain precision in complex TP calculations","status":"passed","title":"should maintain precision in complex TP calculations","duration":1.4433619999999792,"failureMessages":[],"meta":{}},{"ancestorTitles":["Decimal Enforcement E2E (CRITICAL)"],"fullName":"Decimal Enforcement E2E (CRITICAL) should never use native number arithmetic in calculations","status":"passed","title":"should never use native number arithmetic in calculations","duration":2.380859999999984,"failureMessages":[],"meta":{}}],"startTime":1771595719643,"endTime":1771595719658.3809,"status":"passed","message":"","name":"/home/pat/Dokumente/GitHub/cachy-app/src/tests/decimal-enforcement.test.ts"},{"assertionResults":[{"ancestorTitles":["Flash Close Position Binding (CRITICAL)"],"fullName":"Flash Close Position Binding (CRITICAL) should use exact OMS position amount for flash close","status":"passed","title":"should use exact OMS position amount for flash close","duration":12.540172999999868,"failureMessages":[],"meta":{}},{"ancestorTitles":["Flash Close Position Binding (CRITICAL)"],"fullName":"Flash Close Position Binding (CRITICAL) should return failure object when position is unknown","status":"passed","title":"should return failure object when position is unknown","duration":3.301130999999941,"failureMessages":[],"meta":{}},{"ancestorTitles":["Flash Close Position Binding (CRITICAL)"],"fullName":"Flash Close Position Binding (CRITICAL) should use exact amount for closePosition with OMS data","status":"passed","title":"should use exact amount for closePosition with OMS data","duration":4.037752000000182,"failureMessages":[],"meta":{}},{"ancestorTitles":["Flash Close Position Binding (CRITICAL)"],"fullName":"Flash Close Position Binding (CRITICAL) should allow partial close with explicit amount","status":"passed","title":"should allow partial close with explicit amount","duration":1.7883100000001377,"failureMessages":[],"meta":{}},{"ancestorTitles":["Flash Close Position Binding (CRITICAL)"],"fullName":"Flash Close Position Binding (CRITICAL) should prevent opening opposite position with reduceOnly flag","status":"passed","title":"should prevent opening opposite position with reduceOnly flag","duration":2.216231999999991,"failureMessages":[],"meta":{}},{"ancestorTitles":["Flash Close Position Binding (CRITICAL)"],"fullName":"Flash Close Position Binding (CRITICAL) should attempt to cancel all orders before closing the position (Hardening)","status":"passed","title":"should attempt to cancel all orders before closing the position (Hardening)","duration":2.4586360000000695,"failureMessages":[],"meta":{}}],"startTime":1771595718876,"endTime":1771595718903.4587,"status":"passed","message":"","name":"/home/pat/Dokumente/GitHub/cachy-app/src/tests/flash-close.test.ts"},{"assertionResults":[{"ancestorTitles":["Flash Close Race Condition Reproduction"],"fullName":"Flash Close Race Condition Reproduction Proceeds with close (Best Effort) even if cancel-all fails","status":"passed","title":"Proceeds with close (Best Effort) even if cancel-all fails","duration":13.08629000000019,"failureMessages":[],"meta":{}}],"startTime":1771595718075,"endTime":1771595718088.0862,"status":"passed","message":"","name":"/home/pat/Dokumente/GitHub/cachy-app/src/tests/flash_close_race_repro.test.ts"},{"assertionResults":[{"ancestorTitles":["Financial Precision Hardening"],"fullName":"Financial Precision Hardening should store high precision prices as strings","status":"passed","title":"should store high precision prices as strings","duration":3.6669200000001183,"failureMessages":[],"meta":{}},{"ancestorTitles":["Financial Precision Hardening"],"fullName":"Financial Precision Hardening should handle Decimal conversion correctly","status":"passed","title":"should handle Decimal conversion correctly","duration":1.7673190000000432,"failureMessages":[],"meta":{}},{"ancestorTitles":["Financial Precision Hardening"],"fullName":"Financial Precision Hardening should update risk amount as string","status":"passed","title":"should update risk amount as string","duration":0.6979750000000422,"failureMessages":[],"meta":{}}],"startTime":1771595723013,"endTime":1771595723019.698,"status":"passed","message":"","name":"/home/pat/Dokumente/GitHub/cachy-app/src/tests/precision.test.ts"},{"assertionResults":[{"ancestorTitles":["Provider Switch Lifecycle (CRITICAL)"],"fullName":"Provider Switch Lifecycle (CRITICAL) should handle provider switch without resource leaks","status":"passed","title":"should handle provider switch without resource leaks","duration":7.774565999999936,"failureMessages":[],"meta":{}},{"ancestorTitles":["Provider Switch Lifecycle (CRITICAL)"],"fullName":"Provider Switch Lifecycle (CRITICAL) should maintain consistent connection state during switches","status":"passed","title":"should maintain consistent connection state during switches","duration":4.483023000000003,"failureMessages":[],"meta":{}},{"ancestorTitles":["Provider Switch Lifecycle (CRITICAL)"],"fullName":"Provider Switch Lifecycle (CRITICAL) should properly clean up intervals on destroy","status":"passed","title":"should properly clean up intervals on destroy","duration":1.3202400000000125,"failureMessages":[],"meta":{}},{"ancestorTitles":["Provider Switch Lifecycle (CRITICAL)"],"fullName":"Provider Switch Lifecycle (CRITICAL) should handle rapid provider switches","status":"passed","title":"should handle rapid provider switches","duration":1.2056220000000621,"failureMessages":[],"meta":{}}],"startTime":1771595717235,"endTime":1771595717250.2056,"status":"passed","message":"","name":"/home/pat/Dokumente/GitHub/cachy-app/src/tests/provider-switch.test.ts"},{"assertionResults":[{"ancestorTitles":["safeJsonParse"],"fullName":"safeJsonParse should parse normal JSON correctly","status":"passed","title":"should parse normal JSON correctly","duration":7.678802000000019,"failureMessages":[],"meta":{}},{"ancestorTitles":["safeJsonParse"],"fullName":"safeJsonParse should parse large integers ending in Id as strings","status":"passed","title":"should parse large integers ending in Id as strings","duration":1.6804499999999507,"failureMessages":[],"meta":{}},{"ancestorTitles":["safeJsonParse"],"fullName":"safeJsonParse should parse large integers in arbitrary keys as strings","status":"passed","title":"should parse large integers in arbitrary keys as strings","duration":0.7322849999999335,"failureMessages":[],"meta":{}},{"ancestorTitles":["safeJsonParse"],"fullName":"safeJsonParse should parse large integers in keys with escaped quotes","status":"passed","title":"should parse large integers in keys with escaped quotes","duration":0.36703800000009323,"failureMessages":[],"meta":{}},{"ancestorTitles":["safeJsonParse"],"fullName":"safeJsonParse should not stringify small integers","status":"passed","title":"should not stringify small integers","duration":0.3155339999999569,"failureMessages":[],"meta":{}},{"ancestorTitles":["safeJsonParse"],"fullName":"safeJsonParse should not double-quote already quoted strings","status":"passed","title":"should not double-quote already quoted strings","duration":0.27361900000005335,"failureMessages":[],"meta":{}},{"ancestorTitles":["safeJsonParse"],"fullName":"safeJsonParse should handle nested objects","status":"passed","title":"should handle nested objects","duration":0.26867700000002515,"failureMessages":[],"meta":{}}],"startTime":1771595721314,"endTime":1771595721326.2688,"status":"passed","message":"","name":"/home/pat/Dokumente/GitHub/cachy-app/src/tests/safeJson.test.ts"},{"assertionResults":[{"ancestorTitles":["TradeService Race Conditions"],"fullName":"TradeService Race Conditions should handle optimistic order persistence on network failure (Two Generals Problem)","status":"passed","title":"should handle optimistic order persistence on network failure (Two Generals Problem)","duration":40.81376,"failureMessages":[],"meta":{}},{"ancestorTitles":["TradeService Race Conditions"],"fullName":"TradeService Race Conditions should remove optimistic order on definitive API failure (400 Bad Request)","status":"passed","title":"should remove optimistic order on definitive API failure (400 Bad Request)","duration":6.6023190000000795,"failureMessages":[],"meta":{}},{"ancestorTitles":["TradeService Race Conditions"],"fullName":"TradeService Race Conditions should remove optimistic order on Rate Limit (429)","status":"passed","title":"should remove optimistic order on Rate Limit (429)","duration":5.997116999999889,"failureMessages":[],"meta":{}}],"startTime":1771595713886,"endTime":1771595713939.997,"status":"passed","message":"","name":"/home/pat/Dokumente/GitHub/cachy-app/src/tests/tradeService_race.test.ts"},{"assertionResults":[{"ancestorTitles":["AccountManager"],"fullName":"AccountManager should update an existing position with partial data","status":"passed","title":"should update an existing position with partial data","duration":22.373790999999983,"failureMessages":[],"meta":{}},{"ancestorTitles":["AccountManager"],"fullName":"AccountManager should trigger sync callback on partial update for unknown position (Race Condition Fix)","status":"passed","title":"should trigger sync callback on partial update for unknown position (Race Condition Fix)","duration":36.22369600000002,"failureMessages":[],"meta":{}}],"startTime":1771595713861,"endTime":1771595713920.2236,"status":"passed","message":"","name":"/home/pat/Dokumente/GitHub/cachy-app/src/stores/account.test.ts"},{"assertionResults":[{"ancestorTitles":["analysisStore"],"fullName":"analysisStore should have updateAnalysis function","status":"passed","title":"should have updateAnalysis function","duration":8.023239000000103,"failureMessages":[],"meta":{}},{"ancestorTitles":["analysisStore"],"fullName":"analysisStore should update analysis data correctly","status":"passed","title":"should update analysis data correctly","duration":2.1441580000000613,"failureMessages":[],"meta":{}},{"ancestorTitles":["analysisStore"],"fullName":"analysisStore should enforce cache limit by evicting oldest entries","status":"passed","title":"should enforce cache limit by evicting oldest entries","duration":2.1698180000000775,"failureMessages":[],"meta":{}},{"ancestorTitles":["analysisStore"],"fullName":"analysisStore should use LRU eviction (oldest updatedAt removed first)","status":"passed","title":"should use LRU eviction (oldest updatedAt removed first)","duration":1.1475929999999153,"failureMessages":[],"meta":{}},{"ancestorTitles":["analysisStore"],"fullName":"analysisStore should not evict when under cache limit","status":"passed","title":"should not evict when under cache limit","duration":0.8322410000000673,"failureMessages":[],"meta":{}},{"ancestorTitles":["analysisStore"],"fullName":"analysisStore should reset all state correctly","status":"passed","title":"should reset all state correctly","duration":1.8598880000001827,"failureMessages":[],"meta":{}},{"ancestorTitles":["analysisStore"],"fullName":"analysisStore should respect default cache size when settingsState.marketCacheSize is not set","status":"passed","title":"should respect default cache size when settingsState.marketCacheSize is not set","duration":1.4891459999998915,"failureMessages":[],"meta":{}},{"ancestorTitles":["analysisStore"],"fullName":"analysisStore should count bullish and bearish trends correctly","status":"passed","title":"should count bullish and bearish trends correctly","duration":2.073643999999831,"failureMessages":[],"meta":{}},{"ancestorTitles":["analysisStore"],"fullName":"analysisStore should sort by confluence score correctly","status":"passed","title":"should sort by confluence score correctly","duration":0.8942500000000564,"failureMessages":[],"meta":{}}],"startTime":1771595716461,"endTime":1771595716482.8943,"status":"passed","message":"","name":"/home/pat/Dokumente/GitHub/cachy-app/src/stores/analysisStore.test.ts"},{"assertionResults":[{"ancestorTitles":["ChatManager"],"fullName":"ChatManager filters incoming messages based on profit factor (minPF=2)","status":"passed","title":"filters incoming messages based on profit factor (minPF=2)","duration":11.022363999999925,"failureMessages":[],"meta":{}},{"ancestorTitles":["ChatManager"],"fullName":"ChatManager updates latestSeenTimestamp correctly even if filtered","status":"passed","title":"updates latestSeenTimestamp correctly even if filtered","duration":1.7409880000000157,"failureMessages":[],"meta":{}},{"ancestorTitles":["ChatManager"],"fullName":"ChatManager handles empty incoming array gracefully","status":"passed","title":"handles empty incoming array gracefully","duration":1.2390430000000379,"failureMessages":[],"meta":{}},{"ancestorTitles":["ChatManager"],"fullName":"ChatManager handles mixed valid and invalid messages","status":"passed","title":"handles mixed valid and invalid messages","duration":1.1483800000000883,"failureMessages":[],"meta":{}},{"ancestorTitles":["ChatManager"],"fullName":"ChatManager exempts system messages from profit factor filter","status":"passed","title":"exempts system messages from profit factor filter","duration":1.6748310000000401,"failureMessages":[],"meta":{}},{"ancestorTitles":["ChatManager"],"fullName":"ChatManager exempts own messages from profit factor filter (by clientId)","status":"passed","title":"exempts own messages from profit factor filter (by clientId)","duration":1.6772320000000036,"failureMessages":[],"meta":{}},{"ancestorTitles":["ChatManager"],"fullName":"ChatManager exempts own messages from profit factor filter (by senderId)","status":"passed","title":"exempts own messages from profit factor filter (by senderId)","duration":3.0146950000000743,"failureMessages":[],"meta":{}}],"startTime":1771595718322,"endTime":1771595718346.0146,"status":"passed","message":"","name":"/home/pat/Dokumente/GitHub/cachy-app/src/stores/chat.test.ts"},{"assertionResults":[{"ancestorTitles":["MarketManager"],"fullName":"MarketManager should initialize empty klines","status":"passed","title":"should initialize empty klines","duration":8.59954400000015,"failureMessages":[],"meta":{}},{"ancestorTitles":["MarketManager"],"fullName":"MarketManager should append new klines to empty history","status":"passed","title":"should append new klines to empty history","duration":2.1874840000000404,"failureMessages":[],"meta":{}},{"ancestorTitles":["MarketManager"],"fullName":"MarketManager should append strictly new klines","status":"passed","title":"should append strictly new klines","duration":1.1327730000000429,"failureMessages":[],"meta":{}},{"ancestorTitles":["MarketManager"],"fullName":"MarketManager should update the latest kline (live update)","status":"passed","title":"should update the latest kline (live update)","duration":1.010136999999986,"failureMessages":[],"meta":{}},{"ancestorTitles":["MarketManager"],"fullName":"MarketManager should handle overlap and append mixed","status":"passed","title":"should handle overlap and append mixed","duration":1.610539000000017,"failureMessages":[],"meta":{}},{"ancestorTitles":["MarketManager"],"fullName":"MarketManager should handle backfill (older data)","status":"passed","title":"should handle backfill (older data)","duration":1.0878880000000208,"failureMessages":[],"meta":{}},{"ancestorTitles":["MarketManager"],"fullName":"MarketManager should deduplicate mixed unsorted inputs","status":"passed","title":"should deduplicate mixed unsorted inputs","duration":2.5433000000000447,"failureMessages":[],"meta":{}},{"ancestorTitles":["MarketManager"],"fullName":"MarketManager should respect MAX_HISTORY limit","status":"passed","title":"should respect MAX_HISTORY limit","duration":19.435897000000068,"failureMessages":[],"meta":{}},{"ancestorTitles":["MarketManager"],"fullName":"MarketManager should deduplicate internal duplicates in newKlines (slow path)","status":"passed","title":"should deduplicate internal duplicates in newKlines (slow path)","duration":1.1896159999998872,"failureMessages":[],"meta":{}}],"startTime":1771595709777,"endTime":1771595709816.1897,"status":"passed","message":"","name":"/home/pat/Dokumente/GitHub/cachy-app/src/stores/market.test.ts"},{"assertionResults":[],"startTime":1771595688340,"endTime":1771595688340,"status":"failed","message":"localStorage.getItem is not a function","name":"/home/pat/Dokumente/GitHub/cachy-app/src/stores/marketStore.test.ts"},{"assertionResults":[{"ancestorTitles":["MarketStore Limits"],"fullName":"MarketStore Limits should enforce market data cache limit based on settings","status":"passed","title":"should enforce market data cache limit based on settings","duration":45.69579999999996,"failureMessages":[],"meta":{}},{"ancestorTitles":["MarketStore Limits"],"fullName":"MarketStore Limits should respect updated cache limit","status":"passed","title":"should respect updated cache limit","duration":17.411674999999832,"failureMessages":[],"meta":{}}],"startTime":1771595705191,"endTime":1771595705254.4116,"status":"passed","message":"","name":"/home/pat/Dokumente/GitHub/cachy-app/src/stores/marketStore_limits.test.ts"},{"assertionResults":[],"startTime":1771595688340,"endTime":1771595688340,"status":"failed","message":"localStorage.getItem is not a function","name":"/home/pat/Dokumente/GitHub/cachy-app/src/stores/settings.security.test.ts"},{"assertionResults":[{"ancestorTitles":["Trade Store Integration"],"fullName":"Trade Store Integration should reset remote fields to undefined","status":"passed","title":"should reset remote fields to undefined","duration":3.7656480000000556,"failureMessages":[],"meta":{}},{"ancestorTitles":["Trade Store Integration"],"fullName":"Trade Store Integration should preserve symbol if requested","status":"passed","title":"should preserve symbol if requested","duration":0.9990089999998872,"failureMessages":[],"meta":{}}],"startTime":1771595723337,"endTime":1771595723341.999,"status":"passed","message":"","name":"/home/pat/Dokumente/GitHub/cachy-app/src/stores/tradeStore.test.ts"},{"assertionResults":[{"ancestorTitles":["ApiService - Kline Gap Reproduction"],"fullName":"ApiService - Kline Gap Reproduction should silently drop invalid klines (Bug Reproduction)","status":"passed","title":"should silently drop invalid klines (Bug Reproduction)","duration":15.333078000000114,"failureMessages":[],"meta":{}}],"startTime":1771595721549,"endTime":1771595721564.333,"status":"passed","message":"","name":"/home/pat/Dokumente/GitHub/cachy-app/src/services/apiService.repro.test.ts"},{"assertionResults":[{"ancestorTitles":["apiService - normalizeSymbol"],"fullName":"apiService - normalizeSymbol should normalize basic coin symbols to USDT pair","status":"passed","title":"should normalize basic coin symbols to USDT pair","duration":3.6337860000001,"failureMessages":[],"meta":{}},{"ancestorTitles":["apiService - normalizeSymbol"],"fullName":"apiService - normalizeSymbol should keep existing USDT symbols","status":"passed","title":"should keep existing USDT symbols","duration":0.4112110000000939,"failureMessages":[],"meta":{}},{"ancestorTitles":["apiService - normalizeSymbol"],"fullName":"apiService - normalizeSymbol should strip .P suffix","status":"passed","title":"should strip .P suffix","duration":0.4475729999999203,"failureMessages":[],"meta":{}},{"ancestorTitles":["apiService - normalizeSymbol"],"fullName":"apiService - normalizeSymbol should strip P from USDTP symbols","status":"passed","title":"should strip P from USDTP symbols","duration":0.5517580000000635,"failureMessages":[],"meta":{}},{"ancestorTitles":["apiService - normalizeSymbol"],"fullName":"apiService - normalizeSymbol should handle symbols containing USD but not ending in P","status":"passed","title":"should handle symbols containing USD but not ending in P","duration":0.5888059999999768,"failureMessages":[],"meta":{}},{"ancestorTitles":["apiService - normalizeSymbol"],"fullName":"apiService - normalizeSymbol should not strip P from other pairs unless specified","status":"passed","title":"should not strip P from other pairs unless specified","duration":0.3841300000001411,"failureMessages":[],"meta":{}},{"ancestorTitles":["apiService - normalizeSymbol"],"fullName":"apiService - normalizeSymbol should handle lowercase input","status":"passed","title":"should handle lowercase input","duration":0.4074350000000777,"failureMessages":[],"meta":{}},{"ancestorTitles":["apiService - AbortError"],"fullName":"apiService - AbortError should handle AbortError correctly","status":"passed","title":"should handle AbortError correctly","duration":1549.4622109999998,"failureMessages":[],"meta":{}}],"startTime":1771595706184,"endTime":1771595707741.4622,"status":"passed","message":"","name":"/home/pat/Dokumente/GitHub/cachy-app/src/services/apiService.test.ts"},{"assertionResults":[{"ancestorTitles":["apiService RateLimiter"],"fullName":"apiService RateLimiter should throttle Bitunix requests to 5 req/s with no burst","status":"passed","title":"should throttle Bitunix requests to 5 req/s with no burst","duration":105.03025400000001,"failureMessages":[],"meta":{}},{"ancestorTitles":["apiService RateLimiter"],"fullName":"apiService RateLimiter should not throttle non-limited providers significantly","status":"passed","title":"should not throttle non-limited providers significantly","duration":7.997523999999885,"failureMessages":[],"meta":{}}],"startTime":1771595708663,"endTime":1771595708776.9976,"status":"passed","message":"","name":"/home/pat/Dokumente/GitHub/cachy-app/src/services/apiService_rateLimit.test.ts"},{"assertionResults":[{"ancestorTitles":["RateLimiter Hardening"],"fullName":"RateLimiter Hardening should handle high concurrency safely (Recursion vs Iteration Check)","status":"passed","title":"should handle high concurrency safely (Recursion vs Iteration Check)","duration":19.056430999999975,"failureMessages":[],"meta":{}}],"startTime":1771595712016,"endTime":1771595712035.0564,"status":"passed","message":"","name":"/home/pat/Dokumente/GitHub/cachy-app/src/services/apiService_recursion.test.ts"},{"assertionResults":[],"startTime":1771595688340,"endTime":1771595688340,"status":"failed","message":"localStorage.getItem is not a function","name":"/home/pat/Dokumente/GitHub/cachy-app/src/services/app.test.ts"},{"assertionResults":[],"startTime":1771595688340,"endTime":1771595688340,"status":"failed","message":"window is not defined","name":"/home/pat/Dokumente/GitHub/cachy-app/src/services/backupService.test.ts"},{"assertionResults":[{"ancestorTitles":["BitunixWebSocketService Leak"],"fullName":"BitunixWebSocketService Leak should NOT increment syntheticSubs if channel is invalid (Fix verification)","status":"passed","title":"should NOT increment syntheticSubs if channel is invalid (Fix verification)","duration":25.174946999999975,"failureMessages":[],"meta":{}}],"startTime":1771595718905,"endTime":1771595718930.175,"status":"passed","message":"","name":"/home/pat/Dokumente/GitHub/cachy-app/src/services/bitunixWs.leak.test.ts"},{"assertionResults":[{"ancestorTitles":["BitunixWS Fast Path Fallback"],"fullName":"BitunixWS Fast Path Fallback should use Fast Path for valid price message (Price Channel updates Funding/Index)","status":"passed","title":"should use Fast Path for valid price message (Price Channel updates Funding/Index)","duration":23.019491000000016,"failureMessages":[],"meta":{}},{"ancestorTitles":["BitunixWS Fast Path Fallback"],"fullName":"BitunixWS Fast Path Fallback should execute trade listeners exactly once for each trade","status":"passed","title":"should execute trade listeners exactly once for each trade","duration":5.514627999999902,"failureMessages":[],"meta":{}},{"ancestorTitles":["BitunixWS Fast Path Fallback"],"fullName":"BitunixWS Fast Path Fallback should use Fast Path for valid ticker message (Ticker Channel updates LastPrice)","status":"passed","title":"should use Fast Path for valid ticker message (Ticker Channel updates LastPrice)","duration":7.5000199999999495,"failureMessages":[],"meta":{}},{"ancestorTitles":["BitunixWS Fast Path Fallback"],"fullName":"BitunixWS Fast Path Fallback should handle topic alias for channel","status":"passed","title":"should handle topic alias for channel","duration":3.27987499999972,"failureMessages":[],"meta":{}},{"ancestorTitles":["BitunixWS Fast Path Fallback"],"fullName":"BitunixWS Fast Path Fallback should FALLBACK to standard validation if Fast Path throws (using Ticker channel)","status":"passed","title":"should FALLBACK to standard validation if Fast Path throws (using Ticker channel)","duration":26.01544899999999,"failureMessages":[],"meta":{}},{"ancestorTitles":["BitunixWS Fast Path Fallback"],"fullName":"BitunixWS Fast Path Fallback should handle missing fields in Fast Path gracefully without crashing","status":"passed","title":"should handle missing fields in Fast Path gracefully without crashing","duration":0.9423759999999675,"failureMessages":[],"meta":{}}],"startTime":1771595712390,"endTime":1771595712455.9424,"status":"passed","message":"","name":"/home/pat/Dokumente/GitHub/cachy-app/src/services/bitunixWs.test.ts"},{"assertionResults":[{"ancestorTitles":["BitunixWS Strict Validation (Hardening)","StrictPriceDataSchema"],"fullName":"BitunixWS Strict Validation (Hardening) StrictPriceDataSchema should accept valid string price data","status":"passed","title":"should accept valid string price data","duration":12.189956000000052,"failureMessages":[],"meta":{}},{"ancestorTitles":["BitunixWS Strict Validation (Hardening)","StrictPriceDataSchema"],"fullName":"BitunixWS Strict Validation (Hardening) StrictPriceDataSchema should accept valid numeric price data (and coerce to string)","status":"passed","title":"should accept valid numeric price data (and coerce to string)","duration":1.1657149999999774,"failureMessages":[],"meta":{}},{"ancestorTitles":["BitunixWS Strict Validation (Hardening)","StrictPriceDataSchema"],"fullName":"BitunixWS Strict Validation (Hardening) StrictPriceDataSchema should accept abbreviated keys (lp, ip)","status":"passed","title":"should accept abbreviated keys (lp, ip)","duration":0.6228090000000748,"failureMessages":[],"meta":{}},{"ancestorTitles":["BitunixWS Strict Validation (Hardening)","StrictPriceDataSchema"],"fullName":"BitunixWS Strict Validation (Hardening) StrictPriceDataSchema should reject null","status":"passed","title":"should reject null","duration":1.681944000000044,"failureMessages":[],"meta":{}},{"ancestorTitles":["BitunixWS Strict Validation (Hardening)","StrictPriceDataSchema"],"fullName":"BitunixWS Strict Validation (Hardening) StrictPriceDataSchema should reject undefined","status":"passed","title":"should reject undefined","duration":1.082828999999947,"failureMessages":[],"meta":{}},{"ancestorTitles":["BitunixWS Strict Validation (Hardening)","StrictPriceDataSchema"],"fullName":"BitunixWS Strict Validation (Hardening) StrictPriceDataSchema should allow empty object (all fields optional)","status":"passed","title":"should allow empty object (all fields optional)","duration":0.3768159999999625,"failureMessages":[],"meta":{}},{"ancestorTitles":["BitunixWS Strict Validation (Hardening)","StrictPriceDataSchema"],"fullName":"BitunixWS Strict Validation (Hardening) StrictPriceDataSchema should reject arrays","status":"passed","title":"should reject arrays","duration":2.194178000000079,"failureMessages":[],"meta":{}},{"ancestorTitles":["BitunixWS Strict Validation (Hardening)","StrictTickerDataSchema"],"fullName":"BitunixWS Strict Validation (Hardening) StrictTickerDataSchema should accept valid ticker","status":"passed","title":"should accept valid ticker","duration":3.1098739999999907,"failureMessages":[],"meta":{}},{"ancestorTitles":["BitunixWS Strict Validation (Hardening)","StrictTickerDataSchema"],"fullName":"BitunixWS Strict Validation (Hardening) StrictTickerDataSchema should coerce numbers in ticker","status":"passed","title":"should coerce numbers in ticker","duration":1.0357399999999188,"failureMessages":[],"meta":{}}],"startTime":1771595711959,"endTime":1771595711985.0356,"status":"passed","message":"","name":"/home/pat/Dokumente/GitHub/cachy-app/src/services/bitunixWs_fastpath.test.ts"},{"assertionResults":[{"ancestorTitles":["BitunixWs Type Guards Hardening"],"fullName":"BitunixWs Type Guards Hardening should reject trade with null values for \"p\"","status":"passed","title":"should reject trade with null values for \"p\"","duration":2.488354999999956,"failureMessages":[],"meta":{}},{"ancestorTitles":["BitunixWs Type Guards Hardening"],"fullName":"BitunixWs Type Guards Hardening should reject trade with object values for \"v\"","status":"passed","title":"should reject trade with object values for \"v\"","duration":0.4091009999999642,"failureMessages":[],"meta":{}}],"startTime":1771595723838,"endTime":1771595723841.4092,"status":"passed","message":"","name":"/home/pat/Dokumente/GitHub/cachy-app/src/services/bitunixWs_hardening.test.ts"},{"assertionResults":[{"ancestorTitles":["BitunixWS Memory Leak"],"fullName":"BitunixWS Memory Leak should accumulate synthetic subscriptions on subscribe","status":"passed","title":"should accumulate synthetic subscriptions on subscribe","duration":7.160759999999982,"failureMessages":[],"meta":{}},{"ancestorTitles":["BitunixWS Memory Leak"],"fullName":"BitunixWS Memory Leak should cleanup synthetic subscriptions on unsubscribe (LEAK REPRODUCTION)","status":"passed","title":"should cleanup synthetic subscriptions on unsubscribe (LEAK REPRODUCTION)","duration":1.0257970000000114,"failureMessages":[],"meta":{}}],"startTime":1771595721398,"endTime":1771595721406.026,"status":"passed","message":"","name":"/home/pat/Dokumente/GitHub/cachy-app/src/services/bitunixWs_leak.test.ts"},{"assertionResults":[{"ancestorTitles":["Chart Patterns Drawing"],"fullName":"Chart Patterns Drawing should be able to draw all patterns without error","status":"passed","title":"should be able to draw all patterns without error","duration":49.99238200000002,"failureMessages":[],"meta":{}},{"ancestorTitles":["Chart Patterns Drawing"],"fullName":"Chart Patterns Drawing should draw specific elements for Head and Shoulders","status":"passed","title":"should draw specific elements for Head and Shoulders","duration":2.718527999999992,"failureMessages":[],"meta":{}},{"ancestorTitles":["Chart Patterns Data Integrity"],"fullName":"Chart Patterns Data Integrity should have a draw function for every pattern in data","status":"passed","title":"should have a draw function for every pattern in data","duration":6.158063999999968,"failureMessages":[],"meta":{}}],"startTime":1771595708550,"endTime":1771595708610.158,"status":"passed","message":"","name":"/home/pat/Dokumente/GitHub/cachy-app/src/services/chartPatterns.test.ts"},{"assertionResults":[{"ancestorTitles":["CloudService"],"fullName":"CloudService should use logger service instead of console","status":"passed","title":"should use logger service instead of console","duration":13.692256999999927,"failureMessages":[],"meta":{}}],"startTime":1771595717605,"endTime":1771595717618.6921,"status":"passed","message":"","name":"/home/pat/Dokumente/GitHub/cachy-app/src/services/cloudService.test.ts"},{"assertionResults":[{"ancestorTitles":["CryptoService"],"fullName":"CryptoService should encrypt and decrypt a string using generated key","status":"skipped","title":"should encrypt and decrypt a string using generated key","failureMessages":[],"meta":{}},{"ancestorTitles":["CryptoService"],"fullName":"CryptoService should fail decryption with wrong password","status":"skipped","title":"should fail decryption with wrong password","failureMessages":[],"meta":{}},{"ancestorTitles":["CryptoService"],"fullName":"CryptoService should handle session unlocking","status":"skipped","title":"should handle session unlocking","failureMessages":[],"meta":{}}],"startTime":1771595688340,"endTime":1771595688340,"status":"passed","message":"","name":"/home/pat/Dokumente/GitHub/cachy-app/src/services/cryptoService.test.ts"},{"assertionResults":[],"startTime":1771595688340,"endTime":1771595688340,"status":"failed","message":"localStorage.getItem is not a function","name":"/home/pat/Dokumente/GitHub/cachy-app/src/services/csvService.test.ts"},{"assertionResults":[{"ancestorTitles":["CSV Service Hardening"],"fullName":"CSV Service Hardening should handle large IDs correctly by generating a safe internal ID and preserving the large ID in tradeId","status":"passed","title":"should handle large IDs correctly by generating a safe internal ID and preserving the large ID in tradeId","duration":10.335642999999891,"failureMessages":[],"meta":{}},{"ancestorTitles":["CSV Service Hardening"],"fullName":"CSV Service Hardening should handle standard safe IDs correctly","status":"passed","title":"should handle standard safe IDs correctly","duration":3.7621050000000196,"failureMessages":[],"meta":{}}],"startTime":1771595713330,"endTime":1771595713344.7622,"status":"passed","message":"","name":"/home/pat/Dokumente/GitHub/cachy-app/src/services/csvService_hardening.test.ts"},{"assertionResults":[],"startTime":1771595688340,"endTime":1771595688340,"status":"failed","message":"localStorage.getItem is not a function","name":"/home/pat/Dokumente/GitHub/cachy-app/src/services/hotkeyService.test.ts"},{"assertionResults":[{"ancestorTitles":["IncrementalCache","Basic Caching"],"fullName":"IncrementalCache Basic Caching should store and retrieve results","status":"passed","title":"should store and retrieve results","duration":7.742696000000024,"failureMessages":[],"meta":{}},{"ancestorTitles":["IncrementalCache","Basic Caching"],"fullName":"IncrementalCache Basic Caching should return null for cache miss","status":"passed","title":"should return null for cache miss","duration":1.696566999999959,"failureMessages":[],"meta":{}},{"ancestorTitles":["IncrementalCache","Basic Caching"],"fullName":"IncrementalCache Basic Caching should invalidate when timestamp changes","status":"passed","title":"should invalidate when timestamp changes","duration":1.2225109999999404,"failureMessages":[],"meta":{}},{"ancestorTitles":["IncrementalCache","Incremental Updates"],"fullName":"IncrementalCache Incremental Updates should detect when incremental update is possible","status":"passed","title":"should detect when incremental update is possible","duration":2.1994379999999865,"failureMessages":[],"meta":{}},{"ancestorTitles":["IncrementalCache","Incremental Updates"],"fullName":"IncrementalCache Incremental Updates should NOT use incremental for too many new candles","status":"passed","title":"should NOT use incremental for too many new candles","duration":1.6539769999999407,"failureMessages":[],"meta":{}},{"ancestorTitles":["IncrementalCache","Incremental Updates"],"fullName":"IncrementalCache Incremental Updates should invalidate on settings change","status":"passed","title":"should invalidate on settings change","duration":1.5159270000000333,"failureMessages":[],"meta":{}},{"ancestorTitles":["IncrementalCache","Incremental Updates"],"fullName":"IncrementalCache Incremental Updates should invalidate on enabled indicators change","status":"passed","title":"should invalidate on enabled indicators change","duration":0.7072210000000041,"failureMessages":[],"meta":{}},{"ancestorTitles":["IncrementalCache","LRU Eviction"],"fullName":"IncrementalCache LRU Eviction should evict least recently used entry when over max size","status":"failed","title":"should evict least recently used entry when over max size","duration":55.00754100000006,"failureMessages":["AssertionError: expected { oscillators: [], …(4) } to be null\n    at /home/pat/Dokumente/GitHub/cachy-app/src/services/incrementalCache.test.ts:177:26\n    at file:///home/pat/Dokumente/GitHub/cachy-app/node_modules/@vitest/runner/dist/index.js:145:11\n    at file:///home/pat/Dokumente/GitHub/cachy-app/node_modules/@vitest/runner/dist/index.js:915:26\n    at file:///home/pat/Dokumente/GitHub/cachy-app/node_modules/@vitest/runner/dist/index.js:1243:20\n    at new Promise (<anonymous>)\n    at runWithTimeout (file:///home/pat/Dokumente/GitHub/cachy-app/node_modules/@vitest/runner/dist/index.js:1209:10)\n    at file:///home/pat/Dokumente/GitHub/cachy-app/node_modules/@vitest/runner/dist/index.js:1653:37\n    at Traces.$ (file:///home/pat/Dokumente/GitHub/cachy-app/node_modules/vitest/dist/chunks/traces.CCmnQaNT.js:142:27)\n    at trace (file:///home/pat/Dokumente/GitHub/cachy-app/node_modules/vitest/dist/chunks/test.B8ej_ZHS.js:239:21)\n    at runTest (file:///home/pat/Dokumente/GitHub/cachy-app/node_modules/@vitest/runner/dist/index.js:1653:12)"],"meta":{}},{"ancestorTitles":["IncrementalCache","TTL Cleanup"],"fullName":"IncrementalCache TTL Cleanup should remove expired entries","status":"passed","title":"should remove expired entries","duration":167.17470600000001,"failureMessages":[],"meta":{}},{"ancestorTitles":["IncrementalCache","Statistics"],"fullName":"IncrementalCache Statistics should track hit counts","status":"passed","title":"should track hit counts","duration":3.0252419999999347,"failureMessages":[],"meta":{}}],"startTime":1771595689299,"endTime":1771595689545.0251,"status":"failed","message":"","name":"/home/pat/Dokumente/GitHub/cachy-app/src/services/incrementalCache.test.ts"},{"assertionResults":[{"ancestorTitles":["julesService"],"fullName":"julesService should create a sanitized snapshot","status":"passed","title":"should create a sanitized snapshot","duration":8.06897499999991,"failureMessages":[],"meta":{}},{"ancestorTitles":["julesService"],"fullName":"julesService should send a report to the API","status":"passed","title":"should send a report to the API","duration":11.009880000000067,"failureMessages":[],"meta":{}}],"startTime":1771595714388,"endTime":1771595714407.0098,"status":"passed","message":"","name":"/home/pat/Dokumente/GitHub/cachy-app/src/services/julesService.test.ts"},{"assertionResults":[{"ancestorTitles":["LoggerService"],"fullName":"LoggerService should log error to console when category enabled","status":"passed","title":"should log error to console when category enabled","duration":15.664760000000001,"failureMessages":[],"meta":{}},{"ancestorTitles":["LoggerService"],"fullName":"LoggerService should support legacy boolean force parameter","status":"passed","title":"should support legacy boolean force parameter","duration":1.3168039999999337,"failureMessages":[],"meta":{}},{"ancestorTitles":["LoggerService"],"fullName":"LoggerService should NOT log when category disabled and not forced","status":"passed","title":"should NOT log when category disabled and not forced","duration":1.951420999999982,"failureMessages":[],"meta":{}},{"ancestorTitles":["LoggerService"],"fullName":"LoggerService should toast when explicitly requested via options object","status":"passed","title":"should toast when explicitly requested via options object","duration":2.6487129999999297,"failureMessages":[],"meta":{}},{"ancestorTitles":["LoggerService"],"fullName":"LoggerService should auto-toast for UI category when forced (critical UI errors)","status":"passed","title":"should auto-toast for UI category when forced (critical UI errors)","duration":1.4348119999999653,"failureMessages":[],"meta":{}},{"ancestorTitles":["LoggerService"],"fullName":"LoggerService should NOT auto-toast for UI category when NOT forced","status":"passed","title":"should NOT auto-toast for UI category when NOT forced","duration":0.956976999999938,"failureMessages":[],"meta":{}},{"ancestorTitles":["LoggerService"],"fullName":"LoggerService should handle options object with force: true","status":"passed","title":"should handle options object with force: true","duration":3.0892880000000105,"failureMessages":[],"meta":{}},{"ancestorTitles":["LoggerService"],"fullName":"LoggerService should handle silent option to suppress console output","status":"passed","title":"should handle silent option to suppress console output","duration":2.2643150000000105,"failureMessages":[],"meta":{}}],"startTime":1771595715969,"endTime":1771595715998.2644,"status":"passed","message":"","name":"/home/pat/Dokumente/GitHub/cachy-app/src/services/logger.test.ts"},{"assertionResults":[{"ancestorTitles":["Mappers","mapToOMSPosition"],"fullName":"Mappers mapToOMSPosition should map valid position data correctly","status":"passed","title":"should map valid position data correctly","duration":7.77846999999997,"failureMessages":[],"meta":{}},{"ancestorTitles":["Mappers","mapToOMSPosition"],"fullName":"Mappers mapToOMSPosition should handle 'short' side variants","status":"passed","title":"should handle 'short' side variants","duration":3.018814999999904,"failureMessages":[],"meta":{}},{"ancestorTitles":["Mappers","mapToOMSPosition"],"fullName":"Mappers mapToOMSPosition should default missing numeric fields to 0","status":"passed","title":"should default missing numeric fields to 0","duration":0.6888739999999416,"failureMessages":[],"meta":{}},{"ancestorTitles":["Mappers","mapToOMSPosition"],"fullName":"Mappers mapToOMSPosition should handle CLOSE event amount zeroing logic","status":"passed","title":"should handle CLOSE event amount zeroing logic","duration":0.5540969999999561,"failureMessages":[],"meta":{}},{"ancestorTitles":["Mappers","mapToOMSPosition"],"fullName":"Mappers mapToOMSPosition should prioritize avgOpenPrice over entryPrice","status":"passed","title":"should prioritize avgOpenPrice over entryPrice","duration":0.6162449999999353,"failureMessages":[],"meta":{}},{"ancestorTitles":["Mappers","mapToOMSOrder"],"fullName":"Mappers mapToOMSOrder should map valid order data correctly","status":"passed","title":"should map valid order data correctly","duration":1.4036160000000564,"failureMessages":[],"meta":{}},{"ancestorTitles":["Mappers","mapToOMSOrder"],"fullName":"Mappers mapToOMSOrder should convert numeric orderId to string safely","status":"passed","title":"should convert numeric orderId to string safely","duration":0.8571570000001429,"failureMessages":[],"meta":{}},{"ancestorTitles":["Mappers","mapToOMSOrder"],"fullName":"Mappers mapToOMSOrder should handle missing numeric fields","status":"passed","title":"should handle missing numeric fields","duration":0.6285080000000107,"failureMessages":[],"meta":{}}],"startTime":1771595720758,"endTime":1771595720774.6284,"status":"passed","message":"","name":"/home/pat/Dokumente/GitHub/cachy-app/src/services/mappers.test.ts"},{"assertionResults":[{"ancestorTitles":["calculateAnalysisMetrics"],"fullName":"calculateAnalysisMetrics should calculate bullish trend when price > ema200","status":"passed","title":"should calculate bullish trend when price > ema200","duration":9.729392000000189,"failureMessages":[],"meta":{}},{"ancestorTitles":["calculateAnalysisMetrics"],"fullName":"calculateAnalysisMetrics should calculate bearish trend when price <= ema200","status":"passed","title":"should calculate bearish trend when price <= ema200","duration":1.3079560000001038,"failureMessages":[],"meta":{}},{"ancestorTitles":["calculateAnalysisMetrics"],"fullName":"calculateAnalysisMetrics should calculate correct change24h percent","status":"passed","title":"should calculate correct change24h percent","duration":1.010686000000078,"failureMessages":[],"meta":{}},{"ancestorTitles":["calculateAnalysisMetrics"],"fullName":"calculateAnalysisMetrics should handle overbought condition (RSI > 70)","status":"passed","title":"should handle overbought condition (RSI > 70)","duration":1.046505000000252,"failureMessages":[],"meta":{}},{"ancestorTitles":["calculateAnalysisMetrics"],"fullName":"calculateAnalysisMetrics should handle oversold condition (RSI < 30)","status":"passed","title":"should handle oversold condition (RSI < 30)","duration":0.7936490000001868,"failureMessages":[],"meta":{}},{"ancestorTitles":["calculateAnalysisMetrics"],"fullName":"calculateAnalysisMetrics should handle trending condition (Change > 5% and RSI neutral)","status":"passed","title":"should handle trending condition (Change > 5% and RSI neutral)","duration":0.9897329999998874,"failureMessages":[],"meta":{}},{"ancestorTitles":["calculateAnalysisMetrics"],"fullName":"calculateAnalysisMetrics should handle null inputs gracefully","status":"passed","title":"should handle null inputs gracefully","duration":2.300138000000061,"failureMessages":[],"meta":{}},{"ancestorTitles":["calculateAnalysisMetrics"],"fullName":"calculateAnalysisMetrics should handle zero divisor for change24h","status":"passed","title":"should handle zero divisor for change24h","duration":0.5695399999999609,"failureMessages":[],"meta":{}},{"ancestorTitles":["calculateAnalysisMetrics"],"fullName":"calculateAnalysisMetrics should handle very small numbers without precision loss causing NaN","status":"passed","title":"should handle very small numbers without precision loss causing NaN","duration":0.851086000000123,"failureMessages":[],"meta":{}}],"startTime":1771595720694,"endTime":1771595720713.851,"status":"passed","message":"","name":"/home/pat/Dokumente/GitHub/cachy-app/src/services/marketAnalyst.test.ts"},{"assertionResults":[{"ancestorTitles":["MarketWatcher Locking & Deduplication"],"fullName":"MarketWatcher Locking & Deduplication should deduplicate concurrent requests for the same symbol/channel","status":"passed","title":"should deduplicate concurrent requests for the same symbol/channel","duration":21.169624999999996,"failureMessages":[],"meta":{}},{"ancestorTitles":["MarketWatcher Locking & Deduplication"],"fullName":"MarketWatcher Locking & Deduplication should allow new request after previous one finishes","status":"passed","title":"should allow new request after previous one finishes","duration":8.649159000000054,"failureMessages":[],"meta":{}},{"ancestorTitles":["MarketWatcher Locking & Deduplication"],"fullName":"MarketWatcher Locking & Deduplication should release lock even if API fails","status":"passed","title":"should release lock even if API fails","duration":1.1466729999999643,"failureMessages":[],"meta":{}}],"startTime":1771595715940,"endTime":1771595715971.1467,"status":"passed","message":"","name":"/home/pat/Dokumente/GitHub/cachy-app/src/services/marketWatcher.test.ts"},{"assertionResults":[{"ancestorTitles":["MarketWatcher Data Integrity"],"fullName":"MarketWatcher Data Integrity fillGaps should fill missing candles with flat candles (Decimals)","status":"passed","title":"fillGaps should fill missing candles with flat candles (Decimals)","duration":8.432364000000007,"failureMessages":[],"meta":{}},{"ancestorTitles":["MarketWatcher Data Integrity"],"fullName":"MarketWatcher Data Integrity fillGaps should handle unsorted input safely","status":"passed","title":"fillGaps should handle unsorted input safely","duration":0.9891220000001795,"failureMessages":[],"meta":{}}],"startTime":1771595722969,"endTime":1771595722978.989,"status":"passed","message":"","name":"/home/pat/Dokumente/GitHub/cachy-app/src/services/marketWatcher_fillGaps.test.ts"},{"assertionResults":[],"startTime":1771595688340,"endTime":1771595688340,"status":"failed","message":"window is not defined","name":"/home/pat/Dokumente/GitHub/cachy-app/src/services/marketWatcher_hardening.test.ts"},{"assertionResults":[],"startTime":1771595688340,"endTime":1771595688340,"status":"failed","message":"localStorage.getItem is not a function","name":"/home/pat/Dokumente/GitHub/cachy-app/src/services/marketWatcher_perf.test.ts"},{"assertionResults":[{"ancestorTitles":["mdaService Data Hardening"],"fullName":"mdaService Data Hardening should normalize numeric inputs to strings for Bitunix","status":"passed","title":"should normalize numeric inputs to strings for Bitunix","duration":6.185336000000007,"failureMessages":[],"meta":{}},{"ancestorTitles":["mdaService Data Hardening"],"fullName":"mdaService Data Hardening should handle string inputs correctly (preserving precision)","status":"passed","title":"should handle string inputs correctly (preserving precision)","duration":1.5463949999999613,"failureMessages":[],"meta":{}},{"ancestorTitles":["mdaService Data Hardening"],"fullName":"mdaService Data Hardening should handle null/undefined safely","status":"passed","title":"should handle null/undefined safely","duration":0.6105969999999843,"failureMessages":[],"meta":{}},{"ancestorTitles":["mdaService Data Hardening"],"fullName":"mdaService Data Hardening should handle fast-path flat objects","status":"passed","title":"should handle fast-path flat objects","duration":1.5841480000000274,"failureMessages":[],"meta":{}}],"startTime":1771595722368,"endTime":1771595722379.5842,"status":"passed","message":"","name":"/home/pat/Dokumente/GitHub/cachy-app/src/services/mdaService.test.ts"},{"assertionResults":[{"ancestorTitles":["NewsService Limits"],"fullName":"NewsService Limits should limit items to 100 when saving to DB","status":"passed","title":"should limit items to 100 when saving to DB","duration":21.207706999999573,"failureMessages":[],"meta":{}},{"ancestorTitles":["NewsService Limits"],"fullName":"NewsService Limits should call getAll with limit 50 during prune","status":"passed","title":"should call getAll with limit 50 during prune","duration":17.705717000000277,"failureMessages":[],"meta":{}}],"startTime":1771595713349,"endTime":1771595713387.7058,"status":"passed","message":"","name":"/home/pat/Dokumente/GitHub/cachy-app/src/services/newsService_limit.test.ts"},{"assertionResults":[{"ancestorTitles":["OrderManagementSystem"],"fullName":"OrderManagementSystem should accept orders up to MAX_ORDERS","status":"passed","title":"should accept orders up to MAX_ORDERS","duration":27.161329000000023,"failureMessages":[],"meta":{}},{"ancestorTitles":["OrderManagementSystem"],"fullName":"OrderManagementSystem should evict oldest finalized order when full","status":"passed","title":"should evict oldest finalized order when full","duration":39.03903500000001,"failureMessages":[],"meta":{}},{"ancestorTitles":["OrderManagementSystem"],"fullName":"OrderManagementSystem should evict oldest active order if no finalized orders exist (Ring Buffer)","status":"passed","title":"should evict oldest active order if no finalized orders exist (Ring Buffer)","duration":20.057742999999846,"failureMessages":[],"meta":{}}],"startTime":1771595710226,"endTime":1771595710313.0579,"status":"passed","message":"","name":"/home/pat/Dokumente/GitHub/cachy-app/src/services/omsService.test.ts"},{"assertionResults":[{"ancestorTitles":["PatternDetector"],"fullName":"PatternDetector should detect a spinning top pattern via geometric match","status":"passed","title":"should detect a spinning top pattern via geometric match","duration":7.435158000000001,"failureMessages":[],"meta":{}},{"ancestorTitles":["PatternDetector"],"fullName":"PatternDetector should detect a doji pattern","status":"passed","title":"should detect a doji pattern","duration":1.9290449999999737,"failureMessages":[],"meta":{}},{"ancestorTitles":["PatternDetector"],"fullName":"PatternDetector should detect complex patterns (Bullish Engulfing) via formula override","status":"passed","title":"should detect complex patterns (Bullish Engulfing) via formula override","duration":1.1727209999999104,"failureMessages":[],"meta":{}},{"ancestorTitles":["PatternDetector"],"fullName":"PatternDetector should filter patterns based on trend requirements","status":"passed","title":"should filter patterns based on trend requirements","duration":4.11920699999996,"failureMessages":[],"meta":{}},{"ancestorTitles":["PatternDetector"],"fullName":"PatternDetector should match legacy behavior for insufficient history (skip trend check)","status":"passed","title":"should match legacy behavior for insufficient history (skip trend check)","duration":1.3225620000000617,"failureMessages":[],"meta":{}}],"startTime":1771595717607,"endTime":1771595717623.3225,"status":"passed","message":"","name":"/home/pat/Dokumente/GitHub/cachy-app/src/services/patternDetection.test.ts"},{"assertionResults":[{"ancestorTitles":["Ghost Order Reproduction"],"fullName":"Ghost Order Reproduction should cleanup ghost orders","status":"passed","title":"should cleanup ghost orders","duration":31.297906999999896,"failureMessages":[],"meta":{}}],"startTime":1771595718373,"endTime":1771595718404.2979,"status":"passed","message":"","name":"/home/pat/Dokumente/GitHub/cachy-app/src/services/reproduction_ghost_order.test.ts"},{"assertionResults":[{"ancestorTitles":["SerializationService"],"fullName":"SerializationService should serialize a small array correctly","status":"passed","title":"should serialize a small array correctly","duration":8.93548700000008,"failureMessages":[],"meta":{}},{"ancestorTitles":["SerializationService"],"fullName":"SerializationService should serialize a large array correctly (chunked)","status":"passed","title":"should serialize a large array correctly (chunked)","duration":9.238583000000062,"failureMessages":[],"meta":{}},{"ancestorTitles":["SerializationService"],"fullName":"SerializationService should handle empty arrays","status":"passed","title":"should handle empty arrays","duration":1.785154999999918,"failureMessages":[],"meta":{}}],"startTime":1771595718809,"endTime":1771595718829.7852,"status":"passed","message":"","name":"/home/pat/Dokumente/GitHub/cachy-app/src/services/serializationService.test.ts"},{"assertionResults":[{"ancestorTitles":["StorageService Optimization"],"fullName":"StorageService Optimization saves new data correctly","status":"passed","title":"saves new data correctly","duration":67.23460799999998,"failureMessages":[],"meta":{}},{"ancestorTitles":["StorageService Optimization"],"fullName":"StorageService Optimization updates existing data efficiently without duplicates","status":"passed","title":"updates existing data efficiently without duplicates","duration":61.25246400000003,"failureMessages":[],"meta":{}},{"ancestorTitles":["StorageService Optimization"],"fullName":"StorageService Optimization handles new chunks correctly","status":"passed","title":"handles new chunks correctly","duration":17.71873999999991,"failureMessages":[],"meta":{}}],"startTime":1771595705523,"endTime":1771595705669.7188,"status":"passed","message":"","name":"/home/pat/Dokumente/GitHub/cachy-app/src/services/storageService.test.ts"},{"assertionResults":[{"ancestorTitles":["technicalsService"],"fullName":"technicalsService should calculate new oscillators correctly","status":"passed","title":"should calculate new oscillators correctly","duration":73.60753599999998,"failureMessages":[],"meta":{}},{"ancestorTitles":["technicalsService"],"fullName":"technicalsService should respect custom settings","status":"passed","title":"should respect custom settings","duration":10.381746000000021,"failureMessages":[],"meta":{}}],"startTime":1771595710740,"endTime":1771595710824.3818,"status":"passed","message":"","name":"/home/pat/Dokumente/GitHub/cachy-app/src/services/technicalsService.test.ts"},{"assertionResults":[{"ancestorTitles":["TradeService - FlashClose Reproduction"],"fullName":"TradeService - FlashClose Reproduction should create an optimistic order with 0 price (Bug Reproduction)","status":"passed","title":"should create an optimistic order with 0 price (Bug Reproduction)","duration":10.807927999999947,"failureMessages":[],"meta":{}}],"startTime":1771595721372,"endTime":1771595721382.8079,"status":"passed","message":"","name":"/home/pat/Dokumente/GitHub/cachy-app/src/services/tradeService.repro.test.ts"},{"assertionResults":[{"ancestorTitles":["TradeService Flash Close Reproduction"],"fullName":"TradeService Flash Close Reproduction flashClosePosition crashes if cancelAllOrders fails","status":"failed","title":"flashClosePosition crashes if cancelAllOrders fails","duration":85.35212300000012,"failureMessages":["AssertionError: expected { success: true, …(1) } to deeply equal { code: +0, msg: 'success' }\n    at file:///home/pat/Dokumente/GitHub/cachy-app/node_modules/@vitest/expect/dist/index.js:1662:20\n    at processTicksAndRejections (node:internal/process/task_queues:104:5)\n    at /home/pat/Dokumente/GitHub/cachy-app/src/services/tradeService_flashClose.test.ts:112:5\n    at file:///home/pat/Dokumente/GitHub/cachy-app/node_modules/@vitest/runner/dist/index.js:915:20"],"meta":{}}],"startTime":1771595694613,"endTime":1771595694698.352,"status":"failed","message":"","name":"/home/pat/Dokumente/GitHub/cachy-app/src/services/tradeService_flashClose.test.ts"},{"assertionResults":[{"ancestorTitles":["TradeService Flash Close Vulnerability"],"fullName":"TradeService Flash Close Vulnerability should PROCEED with flash close even if cancelAllOrders fails (Hardened behavior)","status":"failed","title":"should PROCEED with flash close even if cancelAllOrders fails (Hardened behavior)","duration":88.67105900000024,"failureMessages":["AssertionError: expected { success: true, …(1) } to deeply equal { code: '0', msg: 'Success' }\n    at file:///home/pat/Dokumente/GitHub/cachy-app/node_modules/@vitest/expect/dist/index.js:1662:20\n    at processTicksAndRejections (node:internal/process/task_queues:104:5)\n    at /home/pat/Dokumente/GitHub/cachy-app/src/services/tradeService_flashClose_hardening.test.ts:96:9\n    at file:///home/pat/Dokumente/GitHub/cachy-app/node_modules/@vitest/runner/dist/index.js:915:20"],"meta":{}}],"startTime":1771595694617,"endTime":1771595694705.6711,"status":"failed","message":"","name":"/home/pat/Dokumente/GitHub/cachy-app/src/services/tradeService_flashClose_hardening.test.ts"},{"assertionResults":[{"ancestorTitles":["TradeService Hardening"],"fullName":"TradeService Hardening closePosition should refresh stale positions before closing","status":"passed","title":"closePosition should refresh stale positions before closing","duration":18.0795720000001,"failureMessages":[],"meta":{}},{"ancestorTitles":["TradeService Hardening"],"fullName":"TradeService Hardening closePosition should NOT refresh fresh positions","status":"passed","title":"closePosition should NOT refresh fresh positions","duration":7.822447999999895,"failureMessages":[],"meta":{}}],"startTime":1771595715850,"endTime":1771595715875.8225,"status":"passed","message":"","name":"/home/pat/Dokumente/GitHub/cachy-app/src/services/tradeService_hardening.test.ts"},{"assertionResults":[{"ancestorTitles":["TradeService Race Condition Hardening"],"fullName":"TradeService Race Condition Hardening should detect stale position and refresh from API before flash close","status":"passed","title":"should detect stale position and refresh from API before flash close","duration":25.518034999999827,"failureMessages":[],"meta":{}}],"startTime":1771595715876,"endTime":1771595715901.518,"status":"passed","message":"","name":"/home/pat/Dokumente/GitHub/cachy-app/src/services/tradeService_race.test.ts"},{"assertionResults":[{"ancestorTitles":["TradeService Safety - Flash Close"],"fullName":"TradeService Safety - Flash Close should retain optimistic order when network failure occurs (Two Generals Problem)","status":"passed","title":"should retain optimistic order when network failure occurs (Two Generals Problem)","duration":100.74733200000014,"failureMessages":[],"meta":{}},{"ancestorTitles":["TradeService Safety - Flash Close"],"fullName":"TradeService Safety - Flash Close should remove optimistic order when terminal error occurs (e.g. 400 Bad Request)","status":"passed","title":"should remove optimistic order when terminal error occurs (e.g. 400 Bad Request)","duration":8.046170000000075,"failureMessages":[],"meta":{}},{"ancestorTitles":["TradeService Safety - Flash Close"],"fullName":"TradeService Safety - Flash Close should proceed with flash close even if cancelAllOrders fails (Capital Preservation)","status":"passed","title":"should proceed with flash close even if cancelAllOrders fails (Capital Preservation)","duration":11.339373000000023,"failureMessages":[],"meta":{}}],"startTime":1771595708646,"endTime":1771595708766.3394,"status":"passed","message":"","name":"/home/pat/Dokumente/GitHub/cachy-app/src/services/tradeService_safety.test.ts"},{"assertionResults":[{"ancestorTitles":["TradeService - Serialization Hardening"],"fullName":"TradeService - Serialization Hardening should serialize Decimal objects in cancelTpSlOrder params","status":"passed","title":"should serialize Decimal objects in cancelTpSlOrder params","duration":11.696101999999883,"failureMessages":[],"meta":{}},{"ancestorTitles":["TradeService - Serialization Hardening"],"fullName":"TradeService - Serialization Hardening should recursively serialize nested objects","status":"passed","title":"should recursively serialize nested objects","duration":0.8446590000000924,"failureMessages":[],"meta":{}}],"startTime":1771595719518,"endTime":1771595719530.8447,"status":"passed","message":"","name":"/home/pat/Dokumente/GitHub/cachy-app/src/services/tradeService_serialization.test.ts"},{"assertionResults":[{"ancestorTitles":["WorkerPool","Initialization"],"fullName":"WorkerPool Initialization should create pool with correct max workers","status":"passed","title":"should create pool with correct max workers","duration":5.833140999999955,"failureMessages":[],"meta":{}},{"ancestorTitles":["WorkerPool","Initialization"],"fullName":"WorkerPool Initialization should initialize worker on first task","status":"passed","title":"should initialize worker on first task","duration":22.588771000000065,"failureMessages":[],"meta":{}},{"ancestorTitles":["WorkerPool","Parallel Execution"],"fullName":"WorkerPool Parallel Execution should handle multiple concurrent tasks","status":"passed","title":"should handle multiple concurrent tasks","duration":2.7952009999999063,"failureMessages":[],"meta":{}},{"ancestorTitles":["WorkerPool","Parallel Execution"],"fullName":"WorkerPool Parallel Execution should queue tasks when all workers busy","status":"passed","title":"should queue tasks when all workers busy","duration":2.7757479999999077,"failureMessages":[],"meta":{}},{"ancestorTitles":["WorkerPool","Worker Recycling"],"fullName":"WorkerPool Worker Recycling should recycle worker after threshold tasks","status":"passed","title":"should recycle worker after threshold tasks","duration":4.44379200000003,"failureMessages":[],"meta":{}},{"ancestorTitles":["WorkerPool","Error Handling"],"fullName":"WorkerPool Error Handling should reject task on worker error","status":"passed","title":"should reject task on worker error","duration":8.362751000000003,"failureMessages":[],"meta":{}},{"ancestorTitles":["WorkerPool","Error Handling"],"fullName":"WorkerPool Error Handling should reject task on timeout","status":"passed","title":"should reject task on timeout","duration":8.126630000000091,"failureMessages":[],"meta":{}},{"anc
[...]
reMessages":[],"meta":{}}],"startTime":1771595706302,"endTime":1771595706538.5605,"status":"passed","message":"","name":"/home/pat/Dokumente/GitHub/cachy-app/src/tests/unit/edge_cases.test.ts"},{"assertionResults":[{"ancestorTitles":["Awesome Oscillator Correctness"],"fullName":"Awesome Oscillator Correctness should calculate correct values compared to manual calculation","status":"passed","title":"should calculate correct values compared to manual calculation","duration":16.678676999999993,"failureMessages":[],"meta":{}}],"startTime":1771595715104,"endTime":1771595715120.6787,"status":"passed","message":"","name":"/home/pat/Dokumente/GitHub/cachy-app/src/tests/unit/indicators_ao.test.ts"},{"assertionResults":[{"ancestorTitles":["CCI Optimization Correctness"],"fullName":"CCI Optimization Correctness should match the full series calculation","status":"passed","title":"should match the full series calculation","duration":6.430790999999999,"failureMessages":[],"meta":{}}],"startTime":1771595721353,"endTime":1771595721359.431,"status":"passed","message":"","name":"/home/pat/Dokumente/GitHub/cachy-app/src/tests/unit/indicators_cci.test.ts"},{"assertionResults":[{"ancestorTitles":["MFI Optimization Correctness"],"fullName":"MFI Optimization Correctness should match the full series calculation for the last value","status":"passed","title":"should match the full series calculation for the last value","duration":12.272583000000054,"failureMessages":[],"meta":{}}],"startTime":1771595722606,"endTime":1771595722618.2725,"status":"passed","message":"","name":"/home/pat/Dokumente/GitHub/cachy-app/src/tests/unit/indicators_mfi.test.ts"},{"assertionResults":[{"ancestorTitles":["SMCService"],"fullName":"SMCService should detect swings and structure breaks in a simple uptrend","status":"passed","title":"should detect swings and structure breaks in a simple uptrend","duration":8.905029000000013,"failureMessages":[],"meta":{}},{"ancestorTitles":["SMCService"],"fullName":"SMCService should detect Fair Value Gaps","status":"passed","title":"should detect Fair Value Gaps","duration":1.442391999999927,"failureMessages":[],"meta":{}}],"startTime":1771595721921,"endTime":1771595721932.4424,"status":"passed","message":"","name":"/home/pat/Dokumente/GitHub/cachy-app/src/services/smc/smcService.test.ts"},{"assertionResults":[{"ancestorTitles":["Critical: JSON Precision Loss & Hardening"],"fullName":"Critical: JSON Precision Loss & Hardening demonstrates that native JSON.parse destroys precision of 64-bit integers","status":"passed","title":"demonstrates that native JSON.parse destroys precision of 64-bit integers","duration":5.785202000000027,"failureMessages":[],"meta":{}},{"ancestorTitles":["Critical: JSON Precision Loss & Hardening"],"fullName":"Critical: JSON Precision Loss & Hardening verifies that safeJsonParse preserves large integers as strings","status":"passed","title":"verifies that safeJsonParse preserves large integers as strings","duration":5.644859999999994,"failureMessages":[],"meta":{}},{"ancestorTitles":["Critical: JSON Precision Loss & Hardening"],"fullName":"Critical: JSON Precision Loss & Hardening verifies that safeJsonParse handles normal data correctly","status":"passed","title":"verifies that safeJsonParse handles normal data correctly","duration":1.3923019999999724,"failureMessages":[],"meta":{}}],"startTime":1771595708023,"endTime":1771595708036.3923,"status":"passed","message":"","name":"/home/pat/Dokumente/GitHub/cachy-app/src/utils/tests/precision_loss.test.ts"},{"assertionResults":[],"startTime":1771595688340,"endTime":1771595688340,"status":"failed","message":"Playwright Test did not expect test.describe() to be called here.\nMost common reasons include:\n- You are calling test.describe() in a configuration file.\n- You are calling test.describe() in a file that is imported by the configuration file.\n- You have two different versions of @playwright/test. This usually happens\n  when one of the dependencies in your package.json depends on @playwright/test.","name":"/home/pat/Dokumente/GitHub/cachy-app/tests/e2e/hardening/smoke_test.spec.ts"},{"assertionResults":[],"startTime":1771595688340,"endTime":1771595688340,"status":"failed","message":"Playwright Test did not expect test.describe() to be called here.\nMost common reasons include:\n- You are calling test.describe() in a configuration file.\n- You are calling test.describe() in a file that is imported by the configuration file.\n- You have two different versions of @playwright/test. This usually happens\n  when one of the dependencies in your package.json depends on @playwright/test.","name":"/home/pat/Dokumente/GitHub/cachy-app/tests/e2e/hardening/trade_flow.spec.ts"},{"assertionResults":[],"startTime":1771595688340,"endTime":1771595688340,"status":"failed","message":"Playwright Test did not expect test.describe() to be called here.\nMost common reasons include:\n- You are calling test.describe() in a configuration file.\n- You are calling test.describe() in a file that is imported by the configuration file.\n- You have two different versions of @playwright/test. This usually happens\n  when one of the dependencies in your package.json depends on @playwright/test.","name":"/home/pat/Dokumente/GitHub/cachy-app/tests/e2e/hardening/wasm-resilience.test.ts"},{"assertionResults":[{"ancestorTitles":["POST /api/account Security"],"fullName":"POST /api/account Security should handle malformed JSON body gracefully","status":"failed","title":"should handle malformed JSON body gracefully","duration":101.678807,"failureMessages":["AssertionError: expected 401 to be 400 // Object.is equality\n    at /home/pat/Dokumente/GitHub/cachy-app/src/routes/api/account/account.test.ts:60:29\n    at processTicksAndRejections (node:internal/process/task_queues:104:5)\n    at file:///home/pat/Dokumente/GitHub/cachy-app/node_modules/@vitest/runner/dist/index.js:915:20"],"meta":{}},{"ancestorTitles":["POST /api/account Security"],"fullName":"POST /api/account Security should handle non-object body gracefully (Zod Validation)","status":"failed","title":"should handle non-object body gracefully (Zod Validation)","duration":3.801345999999967,"failureMessages":["AssertionError: expected 401 to be 400 // Object.is equality\n    at /home/pat/Dokumente/GitHub/cachy-app/src/routes/api/account/account.test.ts:76:29\n    at processTicksAndRejections (node:internal/process/task_queues:104:5)\n    at file:///home/pat/Dokumente/GitHub/cachy-app/node_modules/@vitest/runner/dist/index.js:915:20"],"meta":{}},{"ancestorTitles":["POST /api/account Security"],"fullName":"POST /api/account Security should process valid request correctly","status":"failed","title":"should process valid request correctly","duration":12.557121999999936,"failureMessages":["AssertionError: expected 401 to be 200 // Object.is equality\n    at /home/pat/Dokumente/GitHub/cachy-app/src/routes/api/account/account.test.ts:104:29\n    at processTicksAndRejections (node:internal/process/task_queues:104:5)\n    at file:///home/pat/Dokumente/GitHub/cachy-app/node_modules/@vitest/runner/dist/index.js:915:20"],"meta":{}}],"startTime":1771595690939,"endTime":1771595691057.5571,"status":"failed","message":"","name":"/home/pat/Dokumente/GitHub/cachy-app/src/routes/api/account/account.test.ts"},{"assertionResults":[{"ancestorTitles":["Chat API v2"],"fullName":"Chat API v2 should return initial welcome message on GET","status":"passed","title":"should return initial welcome message on GET","duration":99.75875300000007,"failureMessages":[],"meta":{}},{"ancestorTitles":["Chat API v2"],"fullName":"Chat API v2 should store and return a new message on POST","status":"passed","title":"should store and return a new message on POST","duration":27.843804999999975,"failureMessages":[],"meta":{}},{"ancestorTitles":["Chat API v2"],"fullName":"Chat API v2 should sanitize malicious input on POST","status":"passed","title":"should sanitize malicious input on POST","duration":55.48935299999994,"failureMessages":[],"meta":{}}],"startTime":1771595708856,"endTime":1771595709040.4893,"status":"passed","message":"","name":"/home/pat/Dokumente/GitHub/cachy-app/src/routes/api/chat-v2/server.test.ts"},{"assertionResults":[{"ancestorTitles":["GET /api/klines"],"fullName":"GET /api/klines should return klines with string properties from Bitunix","status":"passed","title":"should return klines with string properties from Bitunix","duration":169.036783,"failureMessages":[],"meta":{}},{"ancestorTitles":["GET /api/klines"],"fullName":"GET /api/klines should handle numeric inputs from Bitunix correctly","status":"passed","title":"should handle numeric inputs from Bitunix correctly","duration":3.2570990000000393,"failureMessages":[],"meta":{}},{"ancestorTitles":["GET /api/klines"],"fullName":"GET /api/klines should preserve small numbers without scientific notation if string provided","status":"passed","title":"should preserve small numbers without scientific notation if string provided","duration":3.4665410000000065,"failureMessages":[],"meta":{}},{"ancestorTitles":["GET /api/klines"],"fullName":"GET /api/klines should handle Bitget array format","status":"passed","title":"should handle Bitget array format","duration":4.025365999999963,"failureMessages":[],"meta":{}}],"startTime":1771595706950,"endTime":1771595707130.0254,"status":"passed","message":"","name":"/home/pat/Dokumente/GitHub/cachy-app/src/routes/api/klines/klines.test.ts"},{"assertionResults":[{"ancestorTitles":["POST /api/sentiment error handling"],"fullName":"POST /api/sentiment error handling should return 500 and error message when a standard Error is thrown","status":"failed","title":"should return 500 and error message when a standard Error is thrown","duration":142.860186,"failureMessages":["AssertionError: expected 401 to be 500 // Object.is equality\n    at /home/pat/Dokumente/GitHub/cachy-app/src/routes/api/sentiment/sentiment.test.ts:58:33\n    at processTicksAndRejections (node:internal/process/task_queues:104:5)\n    at file:///home/pat/Dokumente/GitHub/cachy-app/node_modules/@vitest/runner/dist/index.js:915:20"],"meta":{}}],"startTime":1771595689456,"endTime":1771595689598.86,"status":"failed","message":"","name":"/home/pat/Dokumente/GitHub/cachy-app/src/routes/api/sentiment/sentiment.test.ts"},{"assertionResults":[{"ancestorTitles":["GET /api/stream-logs"],"fullName":"GET /api/stream-logs should return 403 if LOG_STREAM_KEY is not set","status":"passed","title":"should return 403 if LOG_STREAM_KEY is not set","duration":103.643191,"failureMessages":[],"meta":{}},{"ancestorTitles":["GET /api/stream-logs"],"fullName":"GET /api/stream-logs should return 401 if token is incorrect","status":"passed","title":"should return 401 if token is incorrect","duration":3.9869919999999865,"failureMessages":[],"meta":{}},{"ancestorTitles":["GET /api/stream-logs"],"fullName":"GET /api/stream-logs should return 200 and stream if token is correct","status":"passed","title":"should return 200 and stream if token is correct","duration":19.57835900000009,"failureMessages":[],"meta":{}},{"ancestorTitles":["GET /api/stream-logs"],"fullName":"GET /api/stream-logs should use timingSafeEqual for token comparison","status":"passed","title":"should use timingSafeEqual for token comparison","duration":9.441648999999984,"failureMessages":[],"meta":{}}],"startTime":1771595707599,"endTime":1771595707737.4417,"status":"passed","message":"","name":"/home/pat/Dokumente/GitHub/cachy-app/src/routes/api/stream-logs/server.test.ts"},{"assertionResults":[{"ancestorTitles":["POST /api/sync"],"fullName":"POST /api/sync should return 400 if apiKey is missing","status":"failed","title":"should return 400 if apiKey is missing","duration":126.89517599999999,"failureMessages":["AssertionError: expected 401 to be 400 // Object.is equality\n    at /home/pat/Dokumente/GitHub/cachy-app/src/routes/api/sync/sync_security.test.ts:42:29\n    at processTicksAndRejections (node:internal/process/task_queues:104:5)\n    at file:///home/pat/Dokumente/GitHub/cachy-app/node_modules/@vitest/runner/dist/index.js:915:20"],"meta":{}},{"ancestorTitles":["POST /api/sync"],"fullName":"POST /api/sync should return 400 if apiSecret is missing","status":"failed","title":"should return 400 if apiSecret is missing","duration":12.125879999999938,"failureMessages":["AssertionError: expected 401 to be 400 // Object.is equality\n    at /home/pat/Dokumente/GitHub/cachy-app/src/routes/api/sync/sync_security.test.ts:54:29\n    at processTicksAndRejections (node:internal/process/task_queues:104:5)\n    at file:///home/pat/Dokumente/GitHub/cachy-app/node_modules/@vitest/runner/dist/index.js:915:20"],"meta":{}},{"ancestorTitles":["POST /api/sync"],"fullName":"POST /api/sync should return 400 if apiKey is too short (security hardening)","status":"failed","title":"should return 400 if apiKey is too short (security hardening)","duration":8.671457000000032,"failureMessages":["AssertionError: expected 401 to be 400 // Object.is equality\n    at /home/pat/Dokumente/GitHub/cachy-app/src/routes/api/sync/sync_security.test.ts:67:33\n    at processTicksAndRejections (node:internal/process/task_queues:104:5)\n    at file:///home/pat/Dokumente/GitHub/cachy-app/node_modules/@vitest/runner/dist/index.js:915:20"],"meta":{}},{"ancestorTitles":["POST /api/sync"],"fullName":"POST /api/sync should return 200 and call fetch with correct headers for valid input","status":"failed","title":"should return 200 and call fetch with correct headers for valid input","duration":6.319992999999954,"failureMessages":["AssertionError: expected 401 to be 200 // Object.is equality\n    at /home/pat/Dokumente/GitHub/cachy-app/src/routes/api/sync/sync_security.test.ts:83:29\n    at processTicksAndRejections (node:internal/process/task_queues:104:5)\n    at file:///home/pat/Dokumente/GitHub/cachy-app/node_modules/@vitest/runner/dist/index.js:915:20"],"meta":{}}],"startTime":1771595690585,"endTime":1771595690740.32,"status":"failed","message":"","name":"/home/pat/Dokumente/GitHub/cachy-app/src/routes/api/sync/sync_security.test.ts"},{"assertionResults":[{"ancestorTitles":["CMC Proxy Security"],"fullName":"CMC Proxy Security should return 401 when checkAppAuth fails","status":"passed","title":"should return 401 when checkAppAuth fails","duration":101.73772999999994,"failureMessages":[],"meta":{}},{"ancestorTitles":["CMC Proxy Security"],"fullName":"CMC Proxy Security should proceed when checkAppAuth succeeds","status":"passed","title":"should proceed when checkAppAuth succeeds","duration":5.458834999999908,"failureMessages":[],"meta":{}}],"startTime":1771595708312,"endTime":1771595708420.4587,"status":"passed","message":"","name":"/home/pat/Dokumente/GitHub/cachy-app/src/routes/api/external/cmc/cmc_auth.test.ts"},{"assertionResults":[{"ancestorTitles":["News Service Security"],"fullName":"News Service Security should not serve cached data to a different API key","status":"failed","title":"should not serve cached data to a different API key","duration":163.3595180000002,"failureMessages":["AssertionError: Target cannot be null or undefined.\n    at Proxy.<anonymous> (file:///home/pat/Dokumente/GitHub/cachy-app/node_modules/@vitest/expect/dist/index.js:1322:20)\n    at Proxy.<anonymous> (file:///home/pat/Dokumente/GitHub/cachy-app/node_modules/@vitest/expect/dist/index.js:1090:14)\n    at Proxy.methodWrapper (file:///home/pat/Dokumente/GitHub/cachy-app/node_modules/chai/index.js:1700:25)\n    at /home/pat/Dokumente/GitHub/cachy-app/src/routes/api/external/news/news_security.test.ts:57:32\n    at processTicksAndRejections (node:internal/process/task_queues:104:5)\n    at file:///home/pat/Dokumente/GitHub/cachy-app/node_modules/@vitest/runner/dist/index.js:915:20"],"meta":{}}],"startTime":1771595690651,"endTime":1771595690814.3596,"status":"failed","message":"","name":"/home/pat/Dokumente/GitHub/cachy-app/src/routes/api/external/news/news_security.test.ts"},{"assertionResults":[{"ancestorTitles":["News Service Cache Memory"],"fullName":"News Service Cache Memory should limit cache size to 50 items (optimization)","status":"passed","title":"should limit cache size to 50 items (optimization)","duration":76.98076800000001,"failureMessages":[],"meta":{}}],"startTime":1771595707484,"endTime":1771595707560.9807,"status":"passed","message":"","name":"/home/pat/Dokumente/GitHub/cachy-app/src/routes/api/external/news/news_service_memory.test.ts"},{"assertionResults":[{"ancestorTitles":["POST /api/sync/orders"],"fullName":"POST /api/sync/orders should return 400 if JSON is malformed","status":"failed","title":"should return 400 if JSON is malformed","duration":101.70923100000005,"failureMessages":["AssertionError: expected 401 to be 400 // Object.is equality\n    at /home/pat/Dokumente/GitHub/cachy-app/src/routes/api/sync/orders/security.test.ts:38:29\n    at processTicksAndRejections (node:internal/process/task_queues:104:5)\n    at file:///home/pat/Dokumente/GitHub/cachy-app/node_modules/@vitest/runner/dist/index.js:915:20"],"meta":{}},{"ancestorTitles":["POST /api/sync/orders"],"fullName":"POST /api/sync/orders should return 400 if credentials are missing","status":"failed","title":"should return 400 if credentials are missing","duration":3.4217760000001363,"failureMessages":["AssertionError: expected 401 to be 400 // Object.is equality\n    at /home/pat/Dokumente/GitHub/cachy-app/src/routes/api/sync/orders/security.test.ts:50:29\n    at processTicksAndRejections (node:internal/process/task_queues:104:5)\n    at file:///home/pat/Dokumente/GitHub/cachy-app/node_modules/@vitest/runner/dist/index.js:915:20"],"meta":{}},{"ancestorTitles":["POST /api/sync/orders"],"fullName":"POST /api/sync/orders should return 400 if limit is not a number","status":"failed","title":"should return 400 if limit is not a number","duration":3.0348539999999957,"failureMessages":["AssertionError: expected 401 to be 400 // Object.is equality\n    at /home/pat/Dokumente/GitHub/cachy-app/src/routes/api/sync/orders/security.test.ts:62:29\n    at processTicksAndRejections (node:internal/process/task_queues:104:5)\n    at file:///home/pat/Dokumente/GitHub/cachy-app/node_modules/@vitest/runner/dist/index.js:915:20"],"meta":{}}],"startTime":1771595689629,"endTime":1771595689737.035,"status":"failed","message":"","name":"/home/pat/Dokumente/GitHub/cachy-app/src/routes/api/sync/orders/security.test.ts"},{"assertionResults":[{"ancestorTitles":["POST /api/sync/positions-history - Security"],"fullName":"POST /api/sync/positions-history - Security should sanitize API key in logs and response on error","status":"failed","title":"should sanitize API key in logs and response on error","duration":95.39168400000017,"failureMessages":["AssertionError: expected \"vi.fn()\" to be called 1 times, but got 0 times\n    at /home/pat/Dokumente/GitHub/cachy-app/src/routes/api/sync/positions-history/positions_history_security.test.ts:57:23\n    at processTicksAndRejections (node:internal/process/task_queues:104:5)\n    at file:///home/pat/Dokumente/GitHub/cachy-app/node_modules/@vitest/runner/dist/index.js:915:20"],"meta":{}},{"ancestorTitles":["POST /api/sync/positions-history - Security"],"fullName":"POST /api/sync/positions-history - Security should work correctly with valid credentials","status":"failed","title":"should work correctly with valid credentials","duration":11.011645000000044,"failureMessages":["AssertionError: expected 401 to be 200 // Object.is equality\n    at /home/pat/Dokumente/GitHub/cachy-app/src/routes/api/sync/positions-history/positions_history_security.test.ts:87:29\n    at processTicksAndRejections (node:internal/process/task_queues:104:5)\n    at file:///home/pat/Dokumente/GitHub/cachy-app/node_modules/@vitest/runner/dist/index.js:915:20"],"meta":{}}],"startTime":1771595689606,"endTime":1771595689712.0117,"status":"failed","message":"","name":"/home/pat/Dokumente/GitHub/cachy-app/src/routes/api/sync/positions-history/positions_history_security.test.ts"}]}
